# JRE version: OpenJDK Runtime Environment (11.0.15) (build 11.0.15+0-b2043.56-9505619)
# Java VM: OpenJDK 64-Bit Server VM (11.0.15+0-b2043.56-9505619, mixed mode, tiered, compressed oops, g1 gc, windows-amd64)
Heap:
 garbage-first heap   total 392192K, used 294605K [0x00000000a0000000, 0x0000000100000000)
  region size 1024K, 110 young (112640K), 10 survivors (10240K)
 Metaspace       used 107480K, capacity 112530K, committed 113488K, reserved 1146880K
  class space    used 13708K, capacity 15272K, committed 15520K, reserved 1048576K
GC Heap History (20 events):
Event: 78.774 GC heap after
{Heap after GC invocations=77 (full 0):
 garbage-first heap   total 300032K, used 258788K [0x00000000a0000000, 0x0000000100000000)
  region size 1024K, 2 young (2048K), 2 survivors (2048K)
 Metaspace       used 103346K, capacity 107868K, committed 108240K, reserved 1142784K
  class space    used 13316K, capacity 14756K, committed 14880K, reserved 1048576K
}
Event: 80.268 GC heap before
{Heap before GC invocations=77 (full 0):
 garbage-first heap   total 300032K, used 270052K [0x00000000a0000000, 0x0000000100000000)
  region size 1024K, 15 young (15360K), 2 survivors (2048K)
 Metaspace       used 104472K, capacity 109020K, committed 109136K, reserved 1142784K
  class space    used 13470K, capacity 14932K, committed 15008K, reserved 1048576K
}
Event: 80.286 GC heap after
{Heap after GC invocations=78 (full 0):
 garbage-first heap   total 300032K, used 259601K [0x00000000a0000000, 0x0000000100000000)
  region size 1024K, 1 young (1024K), 1 survivors (1024K)
 Metaspace       used 104472K, capacity 109020K, committed 109136K, reserved 1142784K
  class space    used 13470K, capacity 14932K, committed 15008K, reserved 1048576K
}
Event: 81.592 GC heap before
{Heap before GC invocations=79 (full 0):
 garbage-first heap   total 392192K, used 320017K [0x00000000a0000000, 0x0000000100000000)
  region size 1024K, 14 young (14336K), 1 survivors (1024K)
 Metaspace       used 104918K, capacity 109568K, committed 109648K, reserved 1144832K
  class space    used 13533K, capacity 15008K, committed 15008K, reserved 1048576K
}
Event: 81.601 GC heap after
{Heap after GC invocations=80 (full 0):
 garbage-first heap   total 392192K, used 182194K [0x00000000a0000000, 0x0000000100000000)
  region size 1024K, 2 young (2048K), 2 survivors (2048K)
 Metaspace       used 104918K, capacity 109568K, committed 109648K, reserved 1144832K
  class space    used 13533K, capacity 15008K, committed 15008K, reserved 1048576K
}
Event: 184.642 GC heap before
{Heap before GC invocations=80 (full 0):
 garbage-first heap   total 392192K, used 254898K [0x00000000a0000000, 0x0000000100000000)
  region size 1024K, 74 young (75776K), 2 survivors (2048K)
 Metaspace       used 105815K, capacity 110682K, committed 110928K, reserved 1144832K
  class space    used 13629K, capacity 15138K, committed 15264K, reserved 1048576K
}
Event: 184.705 GC heap after
{Heap after GC invocations=81 (full 0):
 garbage-first heap   total 392192K, used 188700K [0x00000000a0000000, 0x0000000100000000)
  region size 1024K, 8 young (8192K), 8 survivors (8192K)
 Metaspace       used 105815K, capacity 110682K, committed 110928K, reserved 1144832K
  class space    used 13629K, capacity 15138K, committed 15264K, reserved 1048576K
}
Event: 187.131 GC heap before
{Heap before GC invocations=82 (full 0):
 garbage-first heap   total 392192K, used 290076K [0x00000000a0000000, 0x0000000100000000)
  region size 1024K, 107 young (109568K), 8 survivors (8192K)
 Metaspace       used 106738K, capacity 111948K, committed 112080K, reserved 1146880K
  class space    used 13736K, capacity 15335K, committed 15392K, reserved 1048576K
}
Event: 187.284 GC heap after
{Heap after GC invocations=83 (full 0):
 garbage-first heap   total 392192K, used 207173K [0x00000000a0000000, 0x0000000100000000)
  region size 1024K, 14 young (14336K), 14 survivors (14336K)
 Metaspace       used 106738K, capacity 111948K, committed 112080K, reserved 1146880K
  class space    used 13736K, capacity 15335K, committed 15392K, reserved 1048576K
}
Event: 197.762 GC heap before
{Heap before GC invocations=83 (full 0):
 garbage-first heap   total 392192K, used 291141K [0x00000000a0000000, 0x0000000100000000)
  region size 1024K, 97 young (99328K), 14 survivors (14336K)
 Metaspace       used 107017K, capacity 112206K, committed 112336K, reserved 1146880K
  class space    used 13758K, capacity 15375K, committed 15392K, reserved 1048576K
}
Event: 197.888 GC heap after
{Heap after GC invocations=84 (full 0):
 garbage-first heap   total 392192K, used 222049K [0x00000000a0000000, 0x0000000100000000)
  region size 1024K, 13 young (13312K), 13 survivors (13312K)
 Metaspace       used 107017K, capacity 112206K, committed 112336K, reserved 1146880K
  class space    used 13758K, capacity 15375K, committed 15392K, reserved 1048576K
}
Event: 199.602 GC heap before
{Heap before GC invocations=85 (full 0):
 garbage-first heap   total 392192K, used 298849K [0x00000000a0000000, 0x0000000100000000)
  region size 1024K, 89 young (91136K), 13 survivors (13312K)
 Metaspace       used 107345K, capacity 112664K, committed 112976K, reserved 1146880K
  class space    used 13797K, capacity 15448K, committed 15520K, reserved 1048576K
}
Event: 199.685 GC heap after
{Heap after GC invocations=86 (full 0):
 garbage-first heap   total 392192K, used 228352K [0x00000000a0000000, 0x0000000100000000)
  region size 1024K, 7 young (7168K), 7 survivors (7168K)
 Metaspace       used 107345K, capacity 112664K, committed 112976K, reserved 1146880K
  class space    used 13797K, capacity 15448K, committed 15520K, reserved 1048576K
}
Event: 199.810 GC heap before
{Heap before GC invocations=86 (full 0):
 garbage-first heap   total 392192K, used 239616K [0x00000000a0000000, 0x0000000100000000)
  region size 1024K, 19 young (19456K), 7 survivors (7168K)
 Metaspace       used 107355K, capacity 112671K, committed 112976K, reserved 1146880K
  class space    used 13798K, capacity 15450K, committed 15520K, reserved 1048576K
}
Event: 199.890 GC heap after
{Heap after GC invocations=87 (full 0):
 garbage-first heap   total 392192K, used 195993K [0x00000000a0000000, 0x0000000100000000)
  region size 1024K, 2 young (2048K), 2 survivors (2048K)
 Metaspace       used 107355K, capacity 112671K, committed 112976K, reserved 1146880K
  class space    used 13798K, capacity 15450K, committed 15520K, reserved 1048576K
}
Event: 200.011 GC heap before
{Heap before GC invocations=87 (full 0):
 garbage-first heap   total 392192K, used 212377K [0x00000000a0000000, 0x0000000100000000)
  region size 1024K, 19 young (19456K), 2 survivors (2048K)
 Metaspace       used 107365K, capacity 112672K, committed 112976K, reserved 1146880K
  class space    used 13798K, capacity 15450K, committed 15520K, reserved 1048576K
}
Event: 200.055 GC heap after
{Heap after GC invocations=88 (full 0):
 garbage-first heap   total 392192K, used 190198K [0x00000000a0000000, 0x0000000100000000)
  region size 1024K, 2 young (2048K), 2 survivors (2048K)
 Metaspace       used 107365K, capacity 112672K, committed 112976K, reserved 1146880K
  class space    used 13798K, capacity 15450K, committed 15520K, reserved 1048576K
}
Event: 1914.268 GC heap before
{Heap before GC invocations=88 (full 0):
 garbage-first heap   total 392192K, used 285430K [0x00000000a0000000, 0x0000000100000000)
  region size 1024K, 96 young (98304K), 2 survivors (2048K)
 Metaspace       used 107723K, capacity 113113K, committed 113232K, reserved 1146880K
  class space    used 13816K, capacity 15480K, committed 15520K, reserved 1048576K
}
Event: 1914.500 GC heap after
{Heap after GC invocations=89 (full 0):
 garbage-first heap   total 392192K, used 192205K [0x00000000a0000000, 0x0000000100000000)
  region size 1024K, 4 young (4096K), 4 survivors (4096K)
 Metaspace       used 107723K, capacity 113113K, committed 113232K, reserved 1146880K
  class space    used 13816K, capacity 15480K, committed 15520K, reserved 1048576K
}
Event: 2838.757 GC heap before
{Heap before GC invocations=90 (full 0):
 garbage-first heap   total 392192K, used 293581K [0x00000000a0000000, 0x0000000100000000)
  region size 1024K, 104 young (106496K), 4 survivors (4096K)
 Metaspace       used 107480K, capacity 112530K, committed 113488K, reserved 1146880K
  class space    used 13708K, capacity 15272K, committed 15520K, reserved 1048576K
}

